<?xml version="1.0" encoding="UTF-8"?>
<!-- Generated by org.testng.reporters.JUnitReportReporter -->
<testsuite hostname="Manasamayu" failures="0" tests="1" name="com.tests.LoginPageTest" time="10.016" errors="0" timestamp="2024-01-15T19:38:43 IST" skipped="0">
  <testcase classname="com.tests.LoginPageTest" name="validLogin" time="10.016"/>
</testsuite> <!-- com.tests.LoginPageTest -->
