<?xml version="1.0" encoding="UTF-8"?>
<!-- Generated by org.testng.reporters.JUnitReportReporter -->
<testsuite hostname="Manasamayu" failures="0" tests="6" name="com.tests.RegistrationPageTest" time="28.378" errors="0" timestamp="2024-01-23T13:50:00 IST" skipped="0">
  <testcase classname="com.tests.RegistrationPageTest" name="test_reg_form" time="2.722"/>
  <testcase classname="com.tests.RegistrationPageTest" name="test_Webpage_title" time="1.993"/>
  <testcase classname="com.tests.RegistrationPageTest" name="test_registration_new_user" time="14.316"/>
  <testcase classname="com.tests.RegistrationPageTest" name="test_reg_button" time="3.170"/>
  <testcase classname="com.tests.RegistrationPageTest" name="test_regPage_errorMsgs" time="3.273"/>
  <testcase classname="com.tests.RegistrationPageTest" name="testNopeComLogo" time="2.904"/>
</testsuite> <!-- com.tests.RegistrationPageTest -->
