<?xml version="1.0" encoding="UTF-8"?>
<!-- Generated by org.testng.reporters.JUnitReportReporter -->
<testsuite hostname="Manasamayu" failures="0" tests="1" name="com.tests.LoginPageTest" time="12.099" errors="0" timestamp="2024-01-23T13:53:23 IST" skipped="0">
  <testcase classname="com.tests.LoginPageTest" name="validLogin" time="12.099"/>
</testsuite> <!-- com.tests.LoginPageTest -->
