<?xml version="1.0" encoding="UTF-8"?>
<!-- Generated by org.testng.reporters.JUnitReportReporter -->
<testsuite hostname="Manasamayu" failures="0" tests="6" name="com.tests.RegistrationPageTest" time="25.232" errors="0" timestamp="2024-01-23T13:53:23 IST" skipped="0">
  <testcase classname="com.tests.RegistrationPageTest" name="test_reg_form" time="2.455"/>
  <testcase classname="com.tests.RegistrationPageTest" name="test_Webpage_title" time="2.082"/>
  <testcase classname="com.tests.RegistrationPageTest" name="test_registration_new_user" time="12.775"/>
  <testcase classname="com.tests.RegistrationPageTest" name="test_reg_button" time="3.266"/>
  <testcase classname="com.tests.RegistrationPageTest" name="test_regPage_errorMsgs" time="2.525"/>
  <testcase classname="com.tests.RegistrationPageTest" name="testNopeComLogo" time="2.129"/>
</testsuite> <!-- com.tests.RegistrationPageTest -->
